2024-05-26 15:43:33 - root - INFO - send_message(host='localhost', queue_name='task_queue3', message='First task....')
2024-05-26 15:43:33 - pika.adapters.utils.connection_workflow - INFO - Pika version 1.3.2 connecting to ('::1', 5672, 0, 0)
2024-05-26 15:43:33 - pika.adapters.utils.io_services_utils - INFO - Socket connected: <socket.socket fd=1292, family=23, type=1, proto=6, laddr=('::1', 51721, 0, 0), raddr=('::1', 5672, 0, 0)>
2024-05-26 15:43:33 - pika.adapters.utils.connection_workflow - INFO - Streaming transport linked up: (<pika.adapters.utils.io_services_utils._AsyncPlaintextTransport object at 0x000001EFEE6070D0>, _StreamingProtocolShim: <SelectConnection PROTOCOL transport=<pika.adapters.utils.io_services_utils._AsyncPlaintextTransport object at 0x000001EFEE6070D0> params=<ConnectionParameters host=localhost port=5672 virtual_host=/ ssl=False>>).
2024-05-26 15:43:33 - pika.adapters.utils.connection_workflow - INFO - AMQPConnector - reporting success: <SelectConnection OPEN transport=<pika.adapters.utils.io_services_utils._AsyncPlaintextTransport object at 0x000001EFEE6070D0> params=<ConnectionParameters host=localhost port=5672 virtual_host=/ ssl=False>>
2024-05-26 15:43:33 - pika.adapters.utils.connection_workflow - INFO - AMQPConnectionWorkflow - reporting success: <SelectConnection OPEN transport=<pika.adapters.utils.io_services_utils._AsyncPlaintextTransport object at 0x000001EFEE6070D0> params=<ConnectionParameters host=localhost port=5672 virtual_host=/ ssl=False>>
2024-05-26 15:43:33 - pika.adapters.blocking_connection - INFO - Connection workflow succeeded: <SelectConnection OPEN transport=<pika.adapters.utils.io_services_utils._AsyncPlaintextTransport object at 0x000001EFEE6070D0> params=<ConnectionParameters host=localhost port=5672 virtual_host=/ ssl=False>>
2024-05-26 15:43:33 - pika.adapters.blocking_connection - INFO - Created channel=1
2024-05-26 15:43:33 - root - INFO - connection opened: host='localhost', queue_name='task_queue3'
2024-05-26 15:43:33 - root - INFO -  [x] Sent First task....
2024-05-26 15:43:33 - pika.adapters.blocking_connection - INFO - Closing connection (200): Normal shutdown
2024-05-26 15:43:33 - pika.channel - INFO - Closing channel (200): 'Normal shutdown' on <Channel number=1 OPEN conn=<SelectConnection OPEN transport=<pika.adapters.utils.io_services_utils._AsyncPlaintextTransport object at 0x000001EFEE6070D0> params=<ConnectionParameters host=localhost port=5672 virtual_host=/ ssl=False>>>
2024-05-26 15:43:33 - pika.channel - INFO - Received <Channel.CloseOk> on <Channel number=1 CLOSING conn=<SelectConnection OPEN transport=<pika.adapters.utils.io_services_utils._AsyncPlaintextTransport object at 0x000001EFEE6070D0> params=<ConnectionParameters host=localhost port=5672 virtual_host=/ ssl=False>>>
2024-05-26 15:43:33 - pika.connection - INFO - Closing connection (200): 'Normal shutdown'
2024-05-26 15:43:33 - pika.adapters.utils.io_services_utils - INFO - Aborting transport connection: state=1; <socket.socket fd=1292, family=23, type=1, proto=6, laddr=('::1', 51721, 0, 0), raddr=('::1', 5672, 0, 0)>
2024-05-26 15:43:33 - pika.adapters.utils.io_services_utils - INFO - _AsyncTransportBase._initate_abort(): Initiating abrupt asynchronous transport shutdown: state=1; error=None; <socket.socket fd=1292, family=23, type=1, proto=6, laddr=('::1', 51721, 0, 0), raddr=('::1', 5672, 0, 0)>
2024-05-26 15:43:33 - pika.adapters.utils.io_services_utils - INFO - Deactivating transport: state=1; <socket.socket fd=1292, family=23, type=1, proto=6, laddr=('::1', 51721, 0, 0), raddr=('::1', 5672, 0, 0)>
2024-05-26 15:43:33 - pika.connection - INFO - AMQP stack terminated, failed to connect, or aborted: opened=True, error-arg=None; pending-error=ConnectionClosedByClient: (200) 'Normal shutdown'
2024-05-26 15:43:33 - pika.connection - INFO - Stack terminated due to ConnectionClosedByClient: (200) 'Normal shutdown'
2024-05-26 15:43:33 - pika.adapters.utils.io_services_utils - INFO - Closing transport socket and unlinking: state=3; <socket.socket fd=1292, family=23, type=1, proto=6, laddr=('::1', 51721, 0, 0), raddr=('::1', 5672, 0, 0)>
2024-05-26 15:43:33 - pika.adapters.blocking_connection - INFO - User-initiated close: result=BlockingConnection__OnClosedArgs(connection=<SelectConnection CLOSED transport=None params=<ConnectionParameters host=localhost port=5672 virtual_host=/ ssl=False>>, error=ConnectionClosedByClient: (200) 'Normal shutdown')
2024-05-26 15:43:33 - root - INFO - connection closed: host='localhost', queue_name='task_queue3'
2024-05-26 15:43:33 - root - INFO - send_message(host='localhost', queue_name='task_queue3', message='Second task....')
2024-05-26 15:43:33 - pika.adapters.utils.connection_workflow - INFO - Pika version 1.3.2 connecting to ('::1', 5672, 0, 0)
2024-05-26 15:43:33 - pika.adapters.utils.io_services_utils - INFO - Socket connected: <socket.socket fd=1340, family=23, type=1, proto=6, laddr=('::1', 51724, 0, 0), raddr=('::1', 5672, 0, 0)>
2024-05-26 15:43:33 - pika.adapters.utils.connection_workflow - INFO - Streaming transport linked up: (<pika.adapters.utils.io_services_utils._AsyncPlaintextTransport object at 0x000001EFEE620650>, _StreamingProtocolShim: <SelectConnection PROTOCOL transport=<pika.adapters.utils.io_services_utils._AsyncPlaintextTransport object at 0x000001EFEE620650> params=<ConnectionParameters host=localhost port=5672 virtual_host=/ ssl=False>>).
2024-05-26 15:43:33 - pika.adapters.utils.connection_workflow - INFO - AMQPConnector - reporting success: <SelectConnection OPEN transport=<pika.adapters.utils.io_services_utils._AsyncPlaintextTransport object at 0x000001EFEE620650> params=<ConnectionParameters host=localhost port=5672 virtual_host=/ ssl=False>>
2024-05-26 15:43:33 - pika.adapters.utils.connection_workflow - INFO - AMQPConnectionWorkflow - reporting success: <SelectConnection OPEN transport=<pika.adapters.utils.io_services_utils._AsyncPlaintextTransport object at 0x000001EFEE620650> params=<ConnectionParameters host=localhost port=5672 virtual_host=/ ssl=False>>
2024-05-26 15:43:33 - pika.adapters.blocking_connection - INFO - Connection workflow succeeded: <SelectConnection OPEN transport=<pika.adapters.utils.io_services_utils._AsyncPlaintextTransport object at 0x000001EFEE620650> params=<ConnectionParameters host=localhost port=5672 virtual_host=/ ssl=False>>
2024-05-26 15:43:33 - pika.adapters.blocking_connection - INFO - Created channel=1
2024-05-26 15:43:33 - root - INFO - connection opened: host='localhost', queue_name='task_queue3'
2024-05-26 15:43:33 - root - INFO -  [x] Sent Second task....
2024-05-26 15:43:33 - pika.adapters.blocking_connection - INFO - Closing connection (200): Normal shutdown
2024-05-26 15:43:33 - pika.channel - INFO - Closing channel (200): 'Normal shutdown' on <Channel number=1 OPEN conn=<SelectConnection OPEN transport=<pika.adapters.utils.io_services_utils._AsyncPlaintextTransport object at 0x000001EFEE620650> params=<ConnectionParameters host=localhost port=5672 virtual_host=/ ssl=False>>>
2024-05-26 15:43:33 - pika.channel - INFO - Received <Channel.CloseOk> on <Channel number=1 CLOSING conn=<SelectConnection OPEN transport=<pika.adapters.utils.io_services_utils._AsyncPlaintextTransport object at 0x000001EFEE620650> params=<ConnectionParameters host=localhost port=5672 virtual_host=/ ssl=False>>>
2024-05-26 15:43:33 - pika.connection - INFO - Closing connection (200): 'Normal shutdown'
2024-05-26 15:43:33 - pika.adapters.utils.io_services_utils - INFO - Aborting transport connection: state=1; <socket.socket fd=1340, family=23, type=1, proto=6, laddr=('::1', 51724, 0, 0), raddr=('::1', 5672, 0, 0)>
2024-05-26 15:43:33 - pika.adapters.utils.io_services_utils - INFO - _AsyncTransportBase._initate_abort(): Initiating abrupt asynchronous transport shutdown: state=1; error=None; <socket.socket fd=1340, family=23, type=1, proto=6, laddr=('::1', 51724, 0, 0), raddr=('::1', 5672, 0, 0)>
2024-05-26 15:43:33 - pika.adapters.utils.io_services_utils - INFO - Deactivating transport: state=1; <socket.socket fd=1340, family=23, type=1, proto=6, laddr=('::1', 51724, 0, 0), raddr=('::1', 5672, 0, 0)>
2024-05-26 15:43:33 - pika.connection - INFO - AMQP stack terminated, failed to connect, or aborted: opened=True, error-arg=None; pending-error=ConnectionClosedByClient: (200) 'Normal shutdown'
2024-05-26 15:43:33 - pika.connection - INFO - Stack terminated due to ConnectionClosedByClient: (200) 'Normal shutdown'
2024-05-26 15:43:33 - pika.adapters.utils.io_services_utils - INFO - Closing transport socket and unlinking: state=3; <socket.socket fd=1340, family=23, type=1, proto=6, laddr=('::1', 51724, 0, 0), raddr=('::1', 5672, 0, 0)>
2024-05-26 15:43:33 - pika.adapters.blocking_connection - INFO - User-initiated close: result=BlockingConnection__OnClosedArgs(connection=<SelectConnection CLOSED transport=None params=<ConnectionParameters host=localhost port=5672 virtual_host=/ ssl=False>>, error=ConnectionClosedByClient: (200) 'Normal shutdown')
2024-05-26 15:43:33 - root - INFO - connection closed: host='localhost', queue_name='task_queue3'
2024-05-26 15:43:33 - root - INFO - send_message(host='localhost', queue_name='task_queue3', message='Third task....')
2024-05-26 15:43:33 - pika.adapters.utils.connection_workflow - INFO - Pika version 1.3.2 connecting to ('::1', 5672, 0, 0)
2024-05-26 15:43:33 - pika.adapters.utils.io_services_utils - INFO - Socket connected: <socket.socket fd=1180, family=23, type=1, proto=6, laddr=('::1', 51727, 0, 0), raddr=('::1', 5672, 0, 0)>
2024-05-26 15:43:33 - pika.adapters.utils.connection_workflow - INFO - Streaming transport linked up: (<pika.adapters.utils.io_services_utils._AsyncPlaintextTransport object at 0x000001EFEE622010>, _StreamingProtocolShim: <SelectConnection PROTOCOL transport=<pika.adapters.utils.io_services_utils._AsyncPlaintextTransport object at 0x000001EFEE622010> params=<ConnectionParameters host=localhost port=5672 virtual_host=/ ssl=False>>).
2024-05-26 15:43:33 - pika.adapters.utils.connection_workflow - INFO - AMQPConnector - reporting success: <SelectConnection OPEN transport=<pika.adapters.utils.io_services_utils._AsyncPlaintextTransport object at 0x000001EFEE622010> params=<ConnectionParameters host=localhost port=5672 virtual_host=/ ssl=False>>
2024-05-26 15:43:33 - pika.adapters.utils.connection_workflow - INFO - AMQPConnectionWorkflow - reporting success: <SelectConnection OPEN transport=<pika.adapters.utils.io_services_utils._AsyncPlaintextTransport object at 0x000001EFEE622010> params=<ConnectionParameters host=localhost port=5672 virtual_host=/ ssl=False>>
2024-05-26 15:43:33 - pika.adapters.blocking_connection - INFO - Connection workflow succeeded: <SelectConnection OPEN transport=<pika.adapters.utils.io_services_utils._AsyncPlaintextTransport object at 0x000001EFEE622010> params=<ConnectionParameters host=localhost port=5672 virtual_host=/ ssl=False>>
2024-05-26 15:43:33 - pika.adapters.blocking_connection - INFO - Created channel=1
2024-05-26 15:43:33 - root - INFO - connection opened: host='localhost', queue_name='task_queue3'
2024-05-26 15:43:33 - root - INFO -  [x] Sent Third task....
2024-05-26 15:43:33 - pika.adapters.blocking_connection - INFO - Closing connection (200): Normal shutdown
2024-05-26 15:43:33 - pika.channel - INFO - Closing channel (200): 'Normal shutdown' on <Channel number=1 OPEN conn=<SelectConnection OPEN transport=<pika.adapters.utils.io_services_utils._AsyncPlaintextTransport object at 0x000001EFEE622010> params=<ConnectionParameters host=localhost port=5672 virtual_host=/ ssl=False>>>
2024-05-26 15:43:33 - pika.channel - INFO - Received <Channel.CloseOk> on <Channel number=1 CLOSING conn=<SelectConnection OPEN transport=<pika.adapters.utils.io_services_utils._AsyncPlaintextTransport object at 0x000001EFEE622010> params=<ConnectionParameters host=localhost port=5672 virtual_host=/ ssl=False>>>
2024-05-26 15:43:33 - pika.connection - INFO - Closing connection (200): 'Normal shutdown'
2024-05-26 15:43:33 - pika.adapters.utils.io_services_utils - INFO - Aborting transport connection: state=1; <socket.socket fd=1180, family=23, type=1, proto=6, laddr=('::1', 51727, 0, 0), raddr=('::1', 5672, 0, 0)>
2024-05-26 15:43:33 - pika.adapters.utils.io_services_utils - INFO - _AsyncTransportBase._initate_abort(): Initiating abrupt asynchronous transport shutdown: state=1; error=None; <socket.socket fd=1180, family=23, type=1, proto=6, laddr=('::1', 51727, 0, 0), raddr=('::1', 5672, 0, 0)>
2024-05-26 15:43:33 - pika.adapters.utils.io_services_utils - INFO - Deactivating transport: state=1; <socket.socket fd=1180, family=23, type=1, proto=6, laddr=('::1', 51727, 0, 0), raddr=('::1', 5672, 0, 0)>
2024-05-26 15:43:33 - pika.connection - INFO - AMQP stack terminated, failed to connect, or aborted: opened=True, error-arg=None; pending-error=ConnectionClosedByClient: (200) 'Normal shutdown'
2024-05-26 15:43:33 - pika.connection - INFO - Stack terminated due to ConnectionClosedByClient: (200) 'Normal shutdown'
2024-05-26 15:43:33 - pika.adapters.utils.io_services_utils - INFO - Closing transport socket and unlinking: state=3; <socket.socket fd=1180, family=23, type=1, proto=6, laddr=('::1', 51727, 0, 0), raddr=('::1', 5672, 0, 0)>
2024-05-26 15:43:33 - pika.adapters.blocking_connection - INFO - User-initiated close: result=BlockingConnection__OnClosedArgs(connection=<SelectConnection CLOSED transport=None params=<ConnectionParameters host=localhost port=5672 virtual_host=/ ssl=False>>, error=ConnectionClosedByClient: (200) 'Normal shutdown')
2024-05-26 15:43:33 - root - INFO - connection closed: host='localhost', queue_name='task_queue3'
2024-05-26 15:43:33 - root - INFO - send_message(host='localhost', queue_name='task_queue3', message='Forth task...')
2024-05-26 15:43:33 - pika.adapters.utils.connection_workflow - INFO - Pika version 1.3.2 connecting to ('::1', 5672, 0, 0)
2024-05-26 15:43:33 - pika.adapters.utils.io_services_utils - INFO - Socket connected: <socket.socket fd=1344, family=23, type=1, proto=6, laddr=('::1', 51730, 0, 0), raddr=('::1', 5672, 0, 0)>
2024-05-26 15:43:33 - pika.adapters.utils.connection_workflow - INFO - Streaming transport linked up: (<pika.adapters.utils.io_services_utils._AsyncPlaintextTransport object at 0x000001EFEE6222D0>, _StreamingProtocolShim: <SelectConnection PROTOCOL transport=<pika.adapters.utils.io_services_utils._AsyncPlaintextTransport object at 0x000001EFEE6222D0> params=<ConnectionParameters host=localhost port=5672 virtual_host=/ ssl=False>>).
2024-05-26 15:43:33 - pika.adapters.utils.connection_workflow - INFO - AMQPConnector - reporting success: <SelectConnection OPEN transport=<pika.adapters.utils.io_services_utils._AsyncPlaintextTransport object at 0x000001EFEE6222D0> params=<ConnectionParameters host=localhost port=5672 virtual_host=/ ssl=False>>
2024-05-26 15:43:33 - pika.adapters.utils.connection_workflow - INFO - AMQPConnectionWorkflow - reporting success: <SelectConnection OPEN transport=<pika.adapters.utils.io_services_utils._AsyncPlaintextTransport object at 0x000001EFEE6222D0> params=<ConnectionParameters host=localhost port=5672 virtual_host=/ ssl=False>>
2024-05-26 15:43:33 - pika.adapters.blocking_connection - INFO - Connection workflow succeeded: <SelectConnection OPEN transport=<pika.adapters.utils.io_services_utils._AsyncPlaintextTransport object at 0x000001EFEE6222D0> params=<ConnectionParameters host=localhost port=5672 virtual_host=/ ssl=False>>
2024-05-26 15:43:33 - pika.adapters.blocking_connection - INFO - Created channel=1
2024-05-26 15:43:33 - root - INFO - connection opened: host='localhost', queue_name='task_queue3'
2024-05-26 15:43:33 - root - INFO -  [x] Sent Forth task...
2024-05-26 15:43:33 - pika.adapters.blocking_connection - INFO - Closing connection (200): Normal shutdown
2024-05-26 15:43:33 - pika.channel - INFO - Closing channel (200): 'Normal shutdown' on <Channel number=1 OPEN conn=<SelectConnection OPEN transport=<pika.adapters.utils.io_services_utils._AsyncPlaintextTransport object at 0x000001EFEE6222D0> params=<ConnectionParameters host=localhost port=5672 virtual_host=/ ssl=False>>>
2024-05-26 15:43:33 - pika.channel - INFO - Received <Channel.CloseOk> on <Channel number=1 CLOSING conn=<SelectConnection OPEN transport=<pika.adapters.utils.io_services_utils._AsyncPlaintextTransport object at 0x000001EFEE6222D0> params=<ConnectionParameters host=localhost port=5672 virtual_host=/ ssl=False>>>
2024-05-26 15:43:33 - pika.connection - INFO - Closing connection (200): 'Normal shutdown'
2024-05-26 15:43:33 - pika.adapters.utils.io_services_utils - INFO - Aborting transport connection: state=1; <socket.socket fd=1344, family=23, type=1, proto=6, laddr=('::1', 51730, 0, 0), raddr=('::1', 5672, 0, 0)>
2024-05-26 15:43:33 - pika.adapters.utils.io_services_utils - INFO - _AsyncTransportBase._initate_abort(): Initiating abrupt asynchronous transport shutdown: state=1; error=None; <socket.socket fd=1344, family=23, type=1, proto=6, laddr=('::1', 51730, 0, 0), raddr=('::1', 5672, 0, 0)>
2024-05-26 15:43:33 - pika.adapters.utils.io_services_utils - INFO - Deactivating transport: state=1; <socket.socket fd=1344, family=23, type=1, proto=6, laddr=('::1', 51730, 0, 0), raddr=('::1', 5672, 0, 0)>
2024-05-26 15:43:33 - pika.connection - INFO - AMQP stack terminated, failed to connect, or aborted: opened=True, error-arg=None; pending-error=ConnectionClosedByClient: (200) 'Normal shutdown'
2024-05-26 15:43:33 - pika.connection - INFO - Stack terminated due to ConnectionClosedByClient: (200) 'Normal shutdown'
2024-05-26 15:43:33 - pika.adapters.utils.io_services_utils - INFO - Closing transport socket and unlinking: state=3; <socket.socket fd=1344, family=23, type=1, proto=6, laddr=('::1', 51730, 0, 0), raddr=('::1', 5672, 0, 0)>
2024-05-26 15:43:33 - pika.adapters.blocking_connection - INFO - User-initiated close: result=BlockingConnection__OnClosedArgs(connection=<SelectConnection CLOSED transport=None params=<ConnectionParameters host=localhost port=5672 virtual_host=/ ssl=False>>, error=ConnectionClosedByClient: (200) 'Normal shutdown')
2024-05-26 15:43:33 - root - INFO - connection closed: host='localhost', queue_name='task_queue3'
2024-05-26 15:43:33 - root - INFO - send_message(host='localhost', queue_name='task_queue3', message='Fifth task...')
2024-05-26 15:43:33 - pika.adapters.utils.connection_workflow - INFO - Pika version 1.3.2 connecting to ('::1', 5672, 0, 0)
2024-05-26 15:43:33 - pika.adapters.utils.io_services_utils - INFO - Socket connected: <socket.socket fd=1272, family=23, type=1, proto=6, laddr=('::1', 51733, 0, 0), raddr=('::1', 5672, 0, 0)>
2024-05-26 15:43:33 - pika.adapters.utils.connection_workflow - INFO - Streaming transport linked up: (<pika.adapters.utils.io_services_utils._AsyncPlaintextTransport object at 0x000001EFEE621210>, _StreamingProtocolShim: <SelectConnection PROTOCOL transport=<pika.adapters.utils.io_services_utils._AsyncPlaintextTransport object at 0x000001EFEE621210> params=<ConnectionParameters host=localhost port=5672 virtual_host=/ ssl=False>>).
2024-05-26 15:43:33 - pika.adapters.utils.connection_workflow - INFO - AMQPConnector - reporting success: <SelectConnection OPEN transport=<pika.adapters.utils.io_services_utils._AsyncPlaintextTransport object at 0x000001EFEE621210> params=<ConnectionParameters host=localhost port=5672 virtual_host=/ ssl=False>>
2024-05-26 15:43:33 - pika.adapters.utils.connection_workflow - INFO - AMQPConnectionWorkflow - reporting success: <SelectConnection OPEN transport=<pika.adapters.utils.io_services_utils._AsyncPlaintextTransport object at 0x000001EFEE621210> params=<ConnectionParameters host=localhost port=5672 virtual_host=/ ssl=False>>
2024-05-26 15:43:33 - pika.adapters.blocking_connection - INFO - Connection workflow succeeded: <SelectConnection OPEN transport=<pika.adapters.utils.io_services_utils._AsyncPlaintextTransport object at 0x000001EFEE621210> params=<ConnectionParameters host=localhost port=5672 virtual_host=/ ssl=False>>
2024-05-26 15:43:33 - pika.adapters.blocking_connection - INFO - Created channel=1
2024-05-26 15:43:33 - root - INFO - connection opened: host='localhost', queue_name='task_queue3'
2024-05-26 15:43:33 - root - INFO -  [x] Sent Fifth task...
2024-05-26 15:43:33 - pika.adapters.blocking_connection - INFO - Closing connection (200): Normal shutdown
2024-05-26 15:43:33 - pika.channel - INFO - Closing channel (200): 'Normal shutdown' on <Channel number=1 OPEN conn=<SelectConnection OPEN transport=<pika.adapters.utils.io_services_utils._AsyncPlaintextTransport object at 0x000001EFEE621210> params=<ConnectionParameters host=localhost port=5672 virtual_host=/ ssl=False>>>
2024-05-26 15:43:33 - pika.channel - INFO - Received <Channel.CloseOk> on <Channel number=1 CLOSING conn=<SelectConnection OPEN transport=<pika.adapters.utils.io_services_utils._AsyncPlaintextTransport object at 0x000001EFEE621210> params=<ConnectionParameters host=localhost port=5672 virtual_host=/ ssl=False>>>
2024-05-26 15:43:33 - pika.connection - INFO - Closing connection (200): 'Normal shutdown'
2024-05-26 15:43:33 - pika.adapters.utils.io_services_utils - INFO - Aborting transport connection: state=1; <socket.socket fd=1272, family=23, type=1, proto=6, laddr=('::1', 51733, 0, 0), raddr=('::1', 5672, 0, 0)>
2024-05-26 15:43:33 - pika.adapters.utils.io_services_utils - INFO - _AsyncTransportBase._initate_abort(): Initiating abrupt asynchronous transport shutdown: state=1; error=None; <socket.socket fd=1272, family=23, type=1, proto=6, laddr=('::1', 51733, 0, 0), raddr=('::1', 5672, 0, 0)>
2024-05-26 15:43:33 - pika.adapters.utils.io_services_utils - INFO - Deactivating transport: state=1; <socket.socket fd=1272, family=23, type=1, proto=6, laddr=('::1', 51733, 0, 0), raddr=('::1', 5672, 0, 0)>
2024-05-26 15:43:33 - pika.connection - INFO - AMQP stack terminated, failed to connect, or aborted: opened=True, error-arg=None; pending-error=ConnectionClosedByClient: (200) 'Normal shutdown'
2024-05-26 15:43:33 - pika.connection - INFO - Stack terminated due to ConnectionClosedByClient: (200) 'Normal shutdown'
2024-05-26 15:43:33 - pika.adapters.utils.io_services_utils - INFO - Closing transport socket and unlinking: state=3; <socket.socket fd=1272, family=23, type=1, proto=6, laddr=('::1', 51733, 0, 0), raddr=('::1', 5672, 0, 0)>
2024-05-26 15:43:33 - pika.adapters.blocking_connection - INFO - User-initiated close: result=BlockingConnection__OnClosedArgs(connection=<SelectConnection CLOSED transport=None params=<ConnectionParameters host=localhost port=5672 virtual_host=/ ssl=False>>, error=ConnectionClosedByClient: (200) 'Normal shutdown')
2024-05-26 15:43:33 - root - INFO - connection closed: host='localhost', queue_name='task_queue3'
2024-05-26 15:43:33 - root - INFO - send_message(host='localhost', queue_name='task_queue3', message='Sixth task...')
2024-05-26 15:43:33 - pika.adapters.utils.connection_workflow - INFO - Pika version 1.3.2 connecting to ('::1', 5672, 0, 0)
2024-05-26 15:43:33 - pika.adapters.utils.io_services_utils - INFO - Socket connected: <socket.socket fd=1380, family=23, type=1, proto=6, laddr=('::1', 51736, 0, 0), raddr=('::1', 5672, 0, 0)>
2024-05-26 15:43:33 - pika.adapters.utils.connection_workflow - INFO - Streaming transport linked up: (<pika.adapters.utils.io_services_utils._AsyncPlaintextTransport object at 0x000001EFEE6233D0>, _StreamingProtocolShim: <SelectConnection PROTOCOL transport=<pika.adapters.utils.io_services_utils._AsyncPlaintextTransport object at 0x000001EFEE6233D0> params=<ConnectionParameters host=localhost port=5672 virtual_host=/ ssl=False>>).
2024-05-26 15:43:33 - pika.adapters.utils.connection_workflow - INFO - AMQPConnector - reporting success: <SelectConnection OPEN transport=<pika.adapters.utils.io_services_utils._AsyncPlaintextTransport object at 0x000001EFEE6233D0> params=<ConnectionParameters host=localhost port=5672 virtual_host=/ ssl=False>>
2024-05-26 15:43:33 - pika.adapters.utils.connection_workflow - INFO - AMQPConnectionWorkflow - reporting success: <SelectConnection OPEN transport=<pika.adapters.utils.io_services_utils._AsyncPlaintextTransport object at 0x000001EFEE6233D0> params=<ConnectionParameters host=localhost port=5672 virtual_host=/ ssl=False>>
2024-05-26 15:43:33 - pika.adapters.blocking_connection - INFO - Connection workflow succeeded: <SelectConnection OPEN transport=<pika.adapters.utils.io_services_utils._AsyncPlaintextTransport object at 0x000001EFEE6233D0> params=<ConnectionParameters host=localhost port=5672 virtual_host=/ ssl=False>>
2024-05-26 15:43:33 - pika.adapters.blocking_connection - INFO - Created channel=1
2024-05-26 15:43:33 - root - INFO - connection opened: host='localhost', queue_name='task_queue3'
2024-05-26 15:43:33 - root - INFO -  [x] Sent Sixth task...
2024-05-26 15:43:33 - pika.adapters.blocking_connection - INFO - Closing connection (200): Normal shutdown
2024-05-26 15:43:33 - pika.channel - INFO - Closing channel (200): 'Normal shutdown' on <Channel number=1 OPEN conn=<SelectConnection OPEN transport=<pika.adapters.utils.io_services_utils._AsyncPlaintextTransport object at 0x000001EFEE6233D0> params=<ConnectionParameters host=localhost port=5672 virtual_host=/ ssl=False>>>
2024-05-26 15:43:33 - pika.channel - INFO - Received <Channel.CloseOk> on <Channel number=1 CLOSING conn=<SelectConnection OPEN transport=<pika.adapters.utils.io_services_utils._AsyncPlaintextTransport object at 0x000001EFEE6233D0> params=<ConnectionParameters host=localhost port=5672 virtual_host=/ ssl=False>>>
2024-05-26 15:43:33 - pika.connection - INFO - Closing connection (200): 'Normal shutdown'
2024-05-26 15:43:33 - pika.adapters.utils.io_services_utils - INFO - Aborting transport connection: state=1; <socket.socket fd=1380, family=23, type=1, proto=6, laddr=('::1', 51736, 0, 0), raddr=('::1', 5672, 0, 0)>
2024-05-26 15:43:33 - pika.adapters.utils.io_services_utils - INFO - _AsyncTransportBase._initate_abort(): Initiating abrupt asynchronous transport shutdown: state=1; error=None; <socket.socket fd=1380, family=23, type=1, proto=6, laddr=('::1', 51736, 0, 0), raddr=('::1', 5672, 0, 0)>
2024-05-26 15:43:33 - pika.adapters.utils.io_services_utils - INFO - Deactivating transport: state=1; <socket.socket fd=1380, family=23, type=1, proto=6, laddr=('::1', 51736, 0, 0), raddr=('::1', 5672, 0, 0)>
2024-05-26 15:43:33 - pika.connection - INFO - AMQP stack terminated, failed to connect, or aborted: opened=True, error-arg=None; pending-error=ConnectionClosedByClient: (200) 'Normal shutdown'
2024-05-26 15:43:33 - pika.connection - INFO - Stack terminated due to ConnectionClosedByClient: (200) 'Normal shutdown'
2024-05-26 15:43:33 - pika.adapters.utils.io_services_utils - INFO - Closing transport socket and unlinking: state=3; <socket.socket fd=1380, family=23, type=1, proto=6, laddr=('::1', 51736, 0, 0), raddr=('::1', 5672, 0, 0)>
2024-05-26 15:43:33 - pika.adapters.blocking_connection - INFO - User-initiated close: result=BlockingConnection__OnClosedArgs(connection=<SelectConnection CLOSED transport=None params=<ConnectionParameters host=localhost port=5672 virtual_host=/ ssl=False>>, error=ConnectionClosedByClient: (200) 'Normal shutdown')
2024-05-26 15:43:33 - root - INFO - connection closed: host='localhost', queue_name='task_queue3'
