2024-05-26 15:55:42,452.v3_emitter_of_tasks.INFO ==================================================
2024-05-26 15:55:42,453.v3_emitter_of_tasks.INFO Today is 2024-05-26 at 03:55 PM
2024-05-26 15:55:42,453.v3_emitter_of_tasks.INFO Running on: nt Windows 10
2024-05-26 15:55:42,453.v3_emitter_of_tasks.INFO Python version:  3.11.9
2024-05-26 15:55:42,453.v3_emitter_of_tasks.INFO Python path: C:\Program Files\WindowsApps\PythonSoftwareFoundation.Python.3.11_3.11.2544.0_x64__qbz5n2kfra8p0
2024-05-26 15:55:42,454.v3_emitter_of_tasks.INFO Working dir: C:\Users\timgo\Desktop\School\Summer2024\Data Streaming\Week 4\streaming-04-multiple-consumers
2024-05-26 15:55:42,456.v3_emitter_of_tasks.INFO ==================================================
2024-05-26 15:55:42,456.v3_emitter_of_tasks.INFO Beginning process: file_path='tasks.csv'
2024-05-26 15:55:42,456.v3_emitter_of_tasks.INFO Attempting to access filepath='tasks.csv'
2024-05-26 15:55:42,457.v3_emitter_of_tasks.INFO Data loaded from filepath='tasks.csv'
2024-05-26 15:55:42,457.v3_emitter_of_tasks.INFO send_message(host='localhost', queue_name='task_queue3', message='First task....')
2024-05-26 15:55:42,471.v3_emitter_of_tasks.INFO connection opened: host='localhost', queue_name='task_queue3'
2024-05-26 15:55:42,471.v3_emitter_of_tasks.INFO  [x] Sent First task....
2024-05-26 15:55:42,474.v3_emitter_of_tasks.INFO connection closed: host='localhost', queue_name='task_queue3'
2024-05-26 15:55:42,474.v3_emitter_of_tasks.INFO send_message(host='localhost', queue_name='task_queue3', message='Second task....')
2024-05-26 15:55:42,480.v3_emitter_of_tasks.INFO connection opened: host='localhost', queue_name='task_queue3'
2024-05-26 15:55:42,481.v3_emitter_of_tasks.INFO  [x] Sent Second task....
2024-05-26 15:55:42,481.v3_emitter_of_tasks.INFO connection closed: host='localhost', queue_name='task_queue3'
2024-05-26 15:55:42,481.v3_emitter_of_tasks.INFO send_message(host='localhost', queue_name='task_queue3', message='Third task....')
2024-05-26 15:55:42,487.v3_emitter_of_tasks.INFO connection opened: host='localhost', queue_name='task_queue3'
2024-05-26 15:55:42,488.v3_emitter_of_tasks.INFO  [x] Sent Third task....
2024-05-26 15:55:42,489.v3_emitter_of_tasks.INFO connection closed: host='localhost', queue_name='task_queue3'
2024-05-26 15:55:42,489.v3_emitter_of_tasks.INFO send_message(host='localhost', queue_name='task_queue3', message='Forth task...')
2024-05-26 15:55:42,495.v3_emitter_of_tasks.INFO connection opened: host='localhost', queue_name='task_queue3'
2024-05-26 15:55:42,496.v3_emitter_of_tasks.INFO  [x] Sent Forth task...
2024-05-26 15:55:42,497.v3_emitter_of_tasks.INFO connection closed: host='localhost', queue_name='task_queue3'
2024-05-26 15:55:42,497.v3_emitter_of_tasks.INFO send_message(host='localhost', queue_name='task_queue3', message='Fifth task...')
2024-05-26 15:55:42,502.v3_emitter_of_tasks.INFO connection opened: host='localhost', queue_name='task_queue3'
2024-05-26 15:55:42,502.v3_emitter_of_tasks.INFO  [x] Sent Fifth task...
2024-05-26 15:55:42,503.v3_emitter_of_tasks.INFO connection closed: host='localhost', queue_name='task_queue3'
2024-05-26 15:55:42,504.v3_emitter_of_tasks.INFO send_message(host='localhost', queue_name='task_queue3', message='Sixth task...')
2024-05-26 15:55:42,508.v3_emitter_of_tasks.INFO connection opened: host='localhost', queue_name='task_queue3'
2024-05-26 15:55:42,509.v3_emitter_of_tasks.INFO  [x] Sent Sixth task...
2024-05-26 15:55:42,511.v3_emitter_of_tasks.INFO connection closed: host='localhost', queue_name='task_queue3'
